<?xml version="1.0" encoding="UTF-8"?>
<!-- Generated by org.testng.reporters.JUnitXMLReporter -->
<testsuite ignored="0" hostname="DESKTOP-LOP61V2" failures="0" tests="5" name="Test" time="55.889" errors="0" timestamp="2024-05-01T22:13:26 IST">
  <testcase classname="Tests.WeatherTest" name="testSearchFunctionality" time="5.689"/>
  <testcase classname="Tests.WeatherTest" name="testWeatherDetailsVerification" time="5.995"/>
  <testcase classname="Tests.WeatherTest" name="testWeatherInYourCitySection" time="7.615"/>
  <testcase classname="Tests.WeatherTest" name="testInvalidCityName" time="4.785"/>
  <testcase classname="Tests.WeatherTest" name="testMapsSection" time="2.231"/>
</testsuite> <!-- Test -->
